1599065541363	geckodriver	INFO	Listening on 127.0.0.1:51731
1599065598077	geckodriver	INFO	Listening on 127.0.0.1:51744
1599066098250	geckodriver	INFO	Listening on 127.0.0.1:51864
1599066101270	mozrunner::runner	INFO	Running command: "C:\\Program Files (x86)\\Mozilla Firefox\\firefox.exe" "--marionette" "-foreground" "-no-remote" "-profile" "C:\\Users\\Roman\\AppData\\Local\\Temp\\rust_mozprofile0Oxhqr"
1599066102312	addons.webextension.screenshots@mozilla.org	WARN	Loading extension 'screenshots@mozilla.org': Reading manifest: Invalid extension permission: mozillaAddons
1599066102312	addons.webextension.screenshots@mozilla.org	WARN	Loading extension 'screenshots@mozilla.org': Reading manifest: Invalid extension permission: telemetry
1599066102312	addons.webextension.screenshots@mozilla.org	WARN	Loading extension 'screenshots@mozilla.org': Reading manifest: Invalid extension permission: resource://pdf.js/
1599066102312	addons.webextension.screenshots@mozilla.org	WARN	Loading extension 'screenshots@mozilla.org': Reading manifest: Invalid extension permission: about:reader*
JavaScript error: resource://gre/modules/XULStore.jsm, line 66: Error: Can't find profile directory.
1599066105803	Marionette	INFO	Listening on port 51872
1599066106274	Marionette	WARN	TLS certificate errors will be ignored for this session
1599066110129	Marionette	INFO	Stopped listening on port 51872
[Child 7176, Chrome_ChildThread] WARNING: pipe error: 109: file z:/task_1572402546/build/src/ipc/chromium/src/chrome/common/ipc_channel_win.cc, line 341
[Child 7176, Chrome_ChildThread] WARNING: pipe error: 109: file z:/task_1572402546/build/src/ipc/chromium/src/chrome/common/ipc_channel_win.cc, line 341
[Child 7156, Chrome_ChildThread] WARNING: pipe error: 109: file z:/task_1572402546/build/src/ipc/chromium/src/chrome/common/ipc_channel_win.cc, line 341
[Child 7156, Chrome_ChildThread] WARNING: [GPU 
###!!! [Child][MessageChannel::SendAndWait] Error: Channel error: cannot send/recv

1599066180400	geckodriver	INFO	Listening on 127.0.0.1:51951
1599066195856	geckodriver	INFO	Listening on 127.0.0.1:51956
1599066198893	mozrunner::runner	INFO	Running command: "C:\\Program Files (x86)\\Mozilla Firefox\\firefox.exe" "--marionette" "-foreground" "-no-remote" "-profile" "C:\\Users\\Roman\\AppData\\Local\\Temp\\rust_mozprofileZFeFgv"
1599066199712	addons.webextension.screenshots@mozilla.org	WARN	Loading extension 'screenshots@mozilla.org': Reading manifest: Invalid extension permission: mozillaAddons
1599066199712	addons.webextension.screenshots@mozilla.org	WARN	Loading extension 'screenshots@mozilla.org': Reading manifest: Invalid extension permission: telemetry
1599066199712	addons.webextension.screenshots@mozilla.org	WARN	Loading extension 'screenshots@mozilla.org': Reading manifest: Invalid extension permission: resource://pdf.js/
1599066199712	addons.webextension.screenshots@mozilla.org	WARN	Loading extension 'screenshots@mozilla.org': Reading manifest: Invalid extension permission: about:reader*
JavaScript error: resource://gre/modules/XULStore.jsm, line 66: Error: Can't find profile directory.
1599066201962	Marionette	INFO	Listening on port 51965
1599066202181	Marionette	WARN	TLS certificate errors will be ignored for this session
1599066204411	Marionette	INFO	Stopped listening on port 51965
[Child 9552, Chrome_ChildThread] WARNING: pipe error: 109: file z:/task_1572402546/build/src/ipc/chromium/src/chrome/common/ipc_channel_win.cc, line 341
[Child 9552, Chrome_ChildThread] WARNING: pipe error: 109: file z:/task_1572402546/build/src/ipc/chromium/src/chrome/common/ipc_channel_win.cc, line 341
[Child 5240, Chrome_ChildThread] WARNIN
###!!! [Child][RunMessage] Error: Channel closing: too late to send/recv, messages will be lost

G: pipe error
###!!! [Child][MessageChannel] Error: (msgtype=0x640027,name=PNecko::Msg_RemoveRequestContext) Channel closing: too late to send/recv, messages will be lost

: 109: file z:/task_1572402546/build/src/ipc/chromium
###!!! [Child][MessageChannel] Error: (msgtype=0x640027,name=PNecko::Msg_RemoveRequestContext) Channel closing: too late to send/recv, messages will be lost

/src/chrome/common/ipc_channel_win.cc, line 341
[Child 5240, Chrome_ChildThread] WARNING: pipe error: 109: file z:/task_1572402546/build/src/ipc/chromium/src/chrome/co
###!!! [Child][MessageChannel] Error: (msgtype=0x640027,name=PNecko::Msg_RemoveRequestContext) Channel closing: too late to send/recv, messages will be lost

mmon/ipc_
###!!! [Child][MessageChannel] Error: (msgtype=0x640027,name=PNecko::Msg_RemoveRequestContext) Channel closing: too late to send/recv, messages will be lost

channel_win.cc
###!!! [Child][MessageChannel] Error: (msgtype=0x640027,name=PNecko::Msg_RemoveRequestContext) Channel closing: too late to send/recv, messages will be lost

, line 341

###!!! [Child][MessageChannel] Error: (msgtype=0x640027,name=PNecko::Msg_RemoveRequestContext) Channel closing: too late to send/recv, messages will be lost


###!!! [Child][MessageChannel] Error: (msgtype=0x640027,name=PNecko::Msg_RemoveRequestContext) Channel closing: too late to send/recv, messages will be lost


###!!! [Child][MessageChannel] Error: (msgtype=0x640027,name=PNecko::Msg_RemoveRequestContext) Channel closing: too late to send/recv, messages will be lost


###!!! [Child][MessageChannel] Error: (msgtype=0x640027,name=PNecko::Msg_RemoveRequestContext) Channel closing: too late to send/recv, messages will be lost

[Parent 5612, Gecko_IOThread] WARNING: pipe error: 109: file z:/task_1572402546/build/src/ipc/chromium/src/chrome/common/ipc_channel_win.cc, line 341
[Child 9528, Chrome_ChildThread] WARNING: pipe error: 109: file z:/task_1572402546/build/src/ipc/chromium/src/chrome/common/ipc_channel_win.cc, line 341
[Child 9528, Chrome_ChildThread] WARNING: pipe error: 109: file z:/task_1572402546/build/src/ipc/chromium/src/chrome/common/ipc_channel_win.cc, line 341

###!!! [Child][MessageChannel::SendAndWait] Error: Channel error: cannot send/recv

1599066768324	geckodriver	INFO	Listening on 127.0.0.1:52104
1599066771349	mozrunner::runner	INFO	Running command: "C:\\Program Files (x86)\\Mozilla Firefox\\firefox.exe" "--marionette" "-foreground" "-no-remote" "-profile" "C:\\Users\\Roman\\AppData\\Local\\Temp\\rust_mozprofileYpbXg0"
1599066771993	addons.webextension.screenshots@mozilla.org	WARN	Loading extension 'screenshots@mozilla.org': Reading manifest: Invalid extension permission: mozillaAddons
1599066771994	addons.webextension.screenshots@mozilla.org	WARN	Loading extension 'screenshots@mozilla.org': Reading manifest: Invalid extension permission: telemetry
1599066771994	addons.webextension.screenshots@mozilla.org	WARN	Loading extension 'screenshots@mozilla.org': Reading manifest: Invalid extension permission: resource://pdf.js/
1599066771994	addons.webextension.screenshots@mozilla.org	WARN	Loading extension 'screenshots@mozilla.org': Reading manifest: Invalid extension permission: about:reader*
JavaScript error: resource://gre/modules/XULStore.jsm, line 66: Error: Can't find profile directory.
1599066774321	Marionette	INFO	Listening on port 52112
1599066774560	Marionette	WARN	TLS certificate errors will be ignored for this session
JavaScript error: resource://gre/modules/UrlClassifierListManager.jsm, line 680: TypeError: this.tablesData[table] is undefined
[Child 2184, Chrome_ChildThread] WARNING: pipe error: 109: file z:/task_1572402546/build/src/ipc/chromium/src/chrome/common/ipc_channel_win.cc, line 341
[Child 2184, Chrome_ChildThread] WARNING: pipe error: 109: file z:/task_1572402546/build/src/ipc/chromium/src/chrome/common/ipc_channel_win.cc, line 341
[Child 9760, Chrome_ChildThread] WARNING: pipe error: 109: file z:/task_1572402546/build/src/ipc/chromium/src/chrome/common/ipc_channel_win.cc, line 341
[Child 9760, Chrome_ChildThread] WARNING: pipe error: 109: file z:/task_1572402546/build/src/ipc/chromium/src/chrome/common/ipc_channel_win.cc, line 341
[Child 7488, Chrome_Child1599066778413	Marionette	INFO	Stopped listening on port 52112
[GPU 9536, Chrome_ChildThread] WARNING: pipe error: 109: file z:/task_1572402546/build/
###!!! [Child][RunMessage] Error: Channel closing: too late to send/recv, messages will be lost

src/ipc/chromium/src/chrome/common/ipc_channel_
###!!! [Child][MessageChannel::SendAndWait] Error: Channel error: cannot send/recv

1599066815573	geckodriver	INFO	Listening on 127.0.0.1:52168
1599066818615	mozrunner::runner	INFO	Running command: "C:\\Program Files (x86)\\Mozilla Firefox\\firefox.exe" "--marionette" "--headless" "-foreground" "-no-remote" "-profile" "C:\\Users\\Roman\\AppData\\Local\\Temp\\rust_mozprofile24mnbz"
*** You are running in headless mode.
1599066819251	addons.webextension.screenshots@mozilla.org	WARN	Loading extension 'screenshots@mozilla.org': Reading manifest: Invalid extension permission: mozillaAddons
1599066819252	addons.webextension.screenshots@mozilla.org	WARN	Loading extension 'screenshots@mozilla.org': Reading manifest: Invalid extension permission: telemetry
1599066819252	addons.webextension.screenshots@mozilla.org	WARN	Loading extension 'screenshots@mozilla.org': Reading manifest: Invalid extension permission: resource://pdf.js/
1599066819252	addons.webextension.screenshots@mozilla.org	WARN	Loading extension 'screenshots@mozilla.org': Reading manifest: Invalid extension permission: about:reader*
JavaScript error: resource://gre/modules/XULStore.jsm, line 66: Error: Can't find profile directory.
1599066821199	Marionette	INFO	Listening on port 52177
1599066821381	Marionette	WARN	TLS certificate errors will be ignored for this session
JavaScript warning: https://mc.yandex.ru/metrika/watch.js, line 54: Error: WebGL warning: <SetDimensions>: Can't use WebGL in headless mode (https://bugzil.la/1375585).
JavaScript warning: https://mc.yandex.ru/metrika/watch.js, line 54: Error: WebGL warning: <SetDimensions>: Failed to create WebGL context: WebGL creation failed: 
* Can't use WebGL in headless mode (https://bugzil.la/1375585).
JavaScript warning: https://mc.yandex.ru/metrika/watch.js, line 54: Error: WebGL warning: <SetDimensions>: Can't use WebGL in headless mode (https://bugzil.la/1375585).
JavaScript warning: https://mc.yandex.ru/metrika/watch.js, line 54: Error: WebGL warning: <SetDimensions>: Failed to create WebGL context: WebGL creation failed: 
* Can't use WebGL in headless mode (https://bugzil.la/1375585).
1599066823821	Marionette	INFO	Stopped listening on port 52177
[Parent 8744, Gecko_IOThread] WARNING: pipe error: 109: file z:/task_1572402546/build/src/ipc/chromium/src/chrome/common/ipc_channel_win.cc, line 341
JavaScript warning: https://api-maps.yandex.ru/2.1.21/?lang=ru_RU, line 1: Error: WebGL warning: <SetDimensions>: Can't use WebGL in headless mode (https://bugzil.la/1375585).
JavaScript warning: https://api-maps.yandex.ru/2.1.21/?lang=ru_RU, line 1: Error: WebGL warning: <SetDimensions>: Failed to create WebGL context: WebGL creation failed: 
* Can't use WebGL in headless mode (https://bugzil.la/1375585).
JavaScript warning: https://api-maps.yandex.ru/2.1.21/?lang=ru_RU, line 1: Error: WebGL warning: <SetDimensions>: Can't use WebGL in headless mode (https://bugzil.la/1375585).
JavaScript warning: https://api-maps.yandex.ru/2.1.21/?lang=ru_RU, line 1: Error: WebGL warning: <SetDimensions>: Failed to create WebGL context: WebGL creation failed: 
* Can't use WebGL in headless mode (https://bugzil.la/1375585).
[Parent 8744, Gecko_IOThread] WARNING: pipe error: 109: file z:/task_1572402546/build/src/ipc/chromium/src/chrome/common/ipc_channel_win.cc, line 341
[Child 9748, Chrome_ChildThread] WARNING: pipe error: 109: file z:/task_1572402546/build/src/ipc/chromium/src/chrome/common/ipc_channel_win.cc, line 341
[Child 9748, Chrome_ChildThread] WARNING: pipe error: 109: file z:/task_1572402546/build/src/ipc/c[Parent 8744, Gecko_IOThread] WARNING: pipe error: 109: file z:/task_1572402546/build/src/ipc/chromium/src/chrome/common/ipc_channel_win.cc, line 341
[Child 2072, Chrome_ChildThread] WARNING: pipe error: 109: file z:/task_1572402546/build/src/ipc/chromium/src/chrome/common/ipc_channel_win.cc, line 341
[Child 2072, Chrome_ChildThread] WARNING: pipe error: 109: file z:/task_1572402546/build/src/ipc/chromium/src/chrome/common/ipc_channel_win.cc, line 341
1599067142485	geckodriver	INFO	Listening on 127.0.0.1:52296
1599067145512	mozrunner::runner	INFO	Running command: "C:\\Program Files (x86)\\Mozilla Firefox\\firefox.exe" "--marionette" "--headless" "-foreground" "-no-remote" "-profile" "C:\\Users\\Roman\\AppData\\Local\\Temp\\rust_mozprofileDwBt6Y"
*** You are running in headless mode.
1599067146086	addons.webextension.screenshots@mozilla.org	WARN	Loading extension 'screenshots@mozilla.org': Reading manifest: Invalid extension permission: mozillaAddons
1599067146086	addons.webextension.screenshots@mozilla.org	WARN	Loading extension 'screenshots@mozilla.org': Reading manifest: Invalid extension permission: telemetry
1599067146086	addons.webextension.screenshots@mozilla.org	WARN	Loading extension 'screenshots@mozilla.org': Reading manifest: Invalid extension permission: resource://pdf.js/
1599067146086	addons.webextension.screenshots@mozilla.org	WARN	Loading extension 'screenshots@mozilla.org': Reading manifest: Invalid extension permission: about:reader*
JavaScript error: resource://gre/modules/XULStore.jsm, line 66: Error: Can't find profile directory.
1599067148301	Marionette	INFO	Listening on port 52304
1599067148822	Marionette	WARN	TLS certificate errors will be ignored for this session
[Parent 3084, Gecko_IOThread] WARNING: pipe error: 109: file z:/task_1572402546/build/src/ipc/chromium/src/chrome/common/ipc_channel_win.cc, line 341
JavaScript warning: https://mc.yandex.ru/metrika/watch.js, line 54: Error: WebGL warning: <SetDimensions>: Can't use WebGL in headless mode (https://bugzil.la/1375585).
JavaScript warning: https://mc.yandex.ru/metrika/watch.js, line 54: Error: WebGL warning: <SetDimensions>: Failed to create WebGL context: WebGL creation failed: 
* Can't use WebGL in headless mode (https://bugzil.la/1375585).
JavaScript warning: https://mc.yandex.ru/metrika/watch.js, line 54: Error: WebGL warning: <SetDimensions>: Can't use WebGL in headless mode (https://bugzil.la/1375585).
JavaScript warning: https://mc.yandex.ru/metrika/watch.js, line 54: Error: WebGL warning: <SetDimensions>: Failed to create WebGL context: WebGL creation failed: 
* Can't use WebGL in headless mode (https://bugzil.la/1375585).
JavaScript warning: https://api-maps.yandex.ru/2.1.21/?lang=ru_RU, line 1: Error: WebGL warning: <SetDimensions>: Can't use WebGL in headless mode (https://bugzil.la/1375585).
JavaScript warning: https://api-maps.yandex.ru/2.1.21/?lang=ru_RU, line 1: Error: WebGL warning: <SetDimensions>: Failed to create WebGL context: WebGL creation failed: 
* Can't use WebGL in headless mode (https://bugzil.la/1375585).
JavaScript warning: https://api-maps.yandex.ru/2.1.21/?lang=ru_RU, line 1: Error: WebGL warning: <SetDimensions>: Can't use WebGL in headless mode (https://bugzil.la/1375585).
JavaScript warning: https://api-maps.yandex.ru/2.1.21/?lang=ru_RU, line 1: Error: WebGL warning: <SetDimensions>: Failed to create WebGL context: WebGL creation failed: 
* Can't use WebGL in headless mode (https://bugzil.la/1375585).
1599067151026	Marionette	INFO	Stopped listening on port 52304
[Parent 3084, Gecko_IOThread] WARNING: pipe error: 109: file z:/task_1572402546/build/src/ipc/chromium/src/chrome/common/ipc_channel_win.cc, line 341
[Child 4212, Chrome_ChildThread] WARNING: pi[Child 5744, Chrome_ChildThread] WARNING: pipe error: 109: file z:/task_1572402546/build/src/ipc/chromium/src/chrome/common/ipc_channel_win.cc, line 341
[Parent 3084, Gecko_IOThread] WARNING: file z:/task_1572402546/build/src/ipc/chromium/src/base/process_util_win.cc, line 160
